/home/bluginbuehl/.config/i3/i3status.conf:33: no such option 'status_unk'
[i3bar/src/config.c:218] background = bar_bg = #002b36
[i3bar/src/config.c:217] statusline = bar_fg = #aea79f
[i3bar/src/config.c:219] separator = sep_fg = #586e75
[i3bar/src/config.c:220] focused_workspace_border = focus_ws_border = #586e75
[i3bar/src/config.c:221] focused_workspace_bg = focus_ws_bg = #586e75
[i3bar/src/config.c:222] focused_workspace_text = focus_ws_fg = #ffffff
[i3bar/src/config.c:223] active_workspace_border = active_ws_border = #073642
[i3bar/src/config.c:224] active_workspace_bg = active_ws_bg = #073642
[i3bar/src/config.c:225] active_workspace_text = active_ws_fg = #ffffff
[i3bar/src/config.c:226] inactive_workspace_border = inactive_ws_border = #002b36
[i3bar/src/config.c:227] inactive_workspace_bg = inactive_ws_bg = #002b36
[i3bar/src/config.c:228] inactive_workspace_text = inactive_ws_fg = #aea79f
[i3bar/src/config.c:229] urgent_workspace_border = urgent_ws_border = #77216f
[i3bar/src/config.c:230] urgent_workspace_bg = urgent_ws_bg = #77216f
[i3bar/src/config.c:231] urgent_workspace_text = urgent_ws_fg = #ffffff
[libi3] libi3/font.c Using Pango font System San Francisco Display 10,FontAwesome, size 10
[libi3] libi3/font.c X11 root window dictates 96.151420 DPI
[i3bar/src/xcb.c:1228] Calculated font height: 14
[i3bar/src/xcb.c:1355] Setting bar_fg = #aea79f as _NET_SYSTEM_TRAY_COLORS
[i3bar/src/xcb.c:997] received an xkb event
[i3bar/src/ipc.c:197] Got data!
[i3bar/src/ipc.c:63] Parsing outputs JSON...
[i3bar/src/ipc.c:65] Reconfiguring windows...
[i3bar/src/xcb.c:1501] Re-allocating statusline buffer, statusline_width = 0, root_screen->width_in_pixels = 3840
[i3bar/src/xcb.c:1601] Creating window for output DVI-I-1-1
[i3bar/src/xcb.c:1272] Initializing system tray functionality
[i3bar/src/xcb.c:1355] Setting bar_fg = #aea79f as _NET_SYSTEM_TRAY_COLORS
[i3bar/src/xcb.c:1596] Destroying window for output VIRTUAL1
[i3bar/src/xcb.c:1596] Destroying window for output HDMI2
[i3bar/src/xcb.c:1601] Creating window for output HDMI1
[i3bar/src/xcb.c:1596] Destroying window for output DP2
[i3bar/src/xcb.c:1596] Destroying window for output DP1
[i3bar/src/xcb.c:1596] Destroying window for output eDP1
[i3bar/src/xcb.c:1596] Destroying window for output xroot-0
[i3bar/src/xcb.c:1805] Drawing bars...
[i3bar/src/xcb.c:1815] Output VIRTUAL1 inactive, skipping...
[i3bar/src/xcb.c:1815] Output HDMI2 inactive, skipping...
[i3bar/src/xcb.c:1815] Output DP2 inactive, skipping...
[i3bar/src/xcb.c:1815] Output DP1 inactive, skipping...
[i3bar/src/xcb.c:1815] Output eDP1 inactive, skipping...
[i3bar/src/xcb.c:1815] Output xroot-0 inactive, skipping...
[i3bar/src/ipc.c:197] Got data!
[i3bar/src/ipc.c:54] Got subscribe reply: {"success":true}
[i3bar/src/ipc.c:197] Got data!
[i3bar/src/ipc.c:43] Got workspace data!
[i3bar/src/workspaces.c:142] Got workspace canonical: 2, name: '2', name_width: 8, glyphs: 1
[i3bar/src/workspaces.c:142] Got workspace canonical: 4 , name: '4 ', name_width: 25, glyphs: 3
[i3bar/src/workspaces.c:142] Got workspace canonical: 6, name: '6', name_width: 8, glyphs: 1
[i3bar/src/workspaces.c:142] Got workspace canonical: 1, name: '1', name_width: 8, glyphs: 1
[i3bar/src/workspaces.c:142] Got workspace canonical: 3 , name: '3 ', name_width: 24, glyphs: 3
[i3bar/src/workspaces.c:142] Got workspace canonical: 5, name: '5', name_width: 8, glyphs: 1
[i3bar/src/workspaces.c:142] Got workspace canonical: 7 , name: '7 ', name_width: 27, glyphs: 3
[i3bar/src/workspaces.c:142] Got workspace canonical: 9, name: '9', name_width: 8, glyphs: 1
[i3bar/src/xcb.c:1805] Drawing bars...
[i3bar/src/xcb.c:1839] Drawing button for WS 2 at x = 0, len = 8
[i3bar/src/xcb.c:1839] Drawing button for WS 4  at x = 19, len = 25
[i3bar/src/xcb.c:1839] Drawing button for WS 6 at x = 55, len = 8
[i3bar/src/xcb.c:1815] Output VIRTUAL1 inactive, skipping...
[i3bar/src/xcb.c:1815] Output HDMI2 inactive, skipping...
[i3bar/src/xcb.c:1839] Drawing button for WS 1 at x = 0, len = 8
[i3bar/src/xcb.c:1839] Drawing button for WS 3  at x = 19, len = 24
[i3bar/src/xcb.c:1839] Drawing button for WS 5 at x = 54, len = [i3bar/src/child.c:457] ERROR: Child (pid: 9105) unexpectedly exited with status 1
8
[i3bar/src/xcb.c:1839] Drawing button for WS 7  at x = 73, len = 27
[i3bar/src/xcb.c:1839] Drawing button for WS 9 at x = 111, len = 8
[i3bar/src/xcb.c:1815] Output DP2 inactive, skipping...
[i3bar/src/xcb.c:1815] Output DP1 inactive, skipping...
[i3bar/src/xcb.c:1815] Output eDP1 inactive, skipping...
[i3bar/src/xcb.c:1815] Output xroot-0 inactive, skipping...
[i3bar/src/xcb.c:1805] Drawing bars...
[i3bar/src/xcb.c:1839] Drawing button for WS 2 at x = 0, len = 8
[i3bar/src/xcb.c:1839] Drawing button for WS 4  at x = 19, len = 25
[i3bar/src/xcb.c:1839] Drawing button for WS 6 at x = 55, len = 8
[i3bar/src/xcb.c:1952] Printing statusline!
[i3bar/src/xcb.c:1815] Output VIRTUAL1 inactive, skipping...
[i3bar/src/xcb.c:1815] Output HDMI2 inactive, skipping...
[i3bar/src/xcb.c:1839] Drawing button for WS 1 at x = 0, len = 8
[i3bar/src/xcb.c:1839] Drawing button for WS 3  at x = 19, len = 24
[i3bar/src/xcb.c:1839] Drawing button for WS 5 at x = 54, len = 8
[i3bar/src/xcb.c:1839] Drawing button for WS 7  at x = 73, len = 27
[i3bar/src/xcb.c:1839] Drawing button for WS 9 at x = 111, len = 8
[i3bar/src/xcb.c:1952] Printing statusline!
[i3bar/src/xcb.c:1815] Output DP2 inactive, skipping...
[i3bar/src/xcb.c:1815] Output DP1 inactive, skipping...
[i3bar/src/xcb.c:1815] Output eDP1 inactive, skipping...
[i3bar/src/xcb.c:1815] Output xroot-0 inactive, skipping...
[i3bar/src/xcb.c:626] _NET_SYSTEM_TRAY_OPCODE received
[i3bar/src/xcb.c:669] xembed format = 32, len = 2
[i3bar/src/xcb.c:671] xembed version = 1
[i3bar/src/xcb.c:672] xembed flags = 1
[i3bar/src/xcb.c:682] X window 0120007f requested docking
[i3bar/src/xcb.c:693] using output HDMI1
[i3bar/src/xcb.c:764] Mapping dock client
[i3bar/src/xcb.c:1805] Drawing bars...
[i3bar/src/xcb.c:1839] Drawing button for WS 2 at x = 0, len = 8
[i3bar/src/xcb.c:1839] Drawing button for WS 4  at x = 19, len = 25
[i3bar/src/xcb.c:1839] Drawing button for WS 6 at x = 55, len = 8
[i3bar/src/xcb.c:1952] Printing statusline!
[i3bar/src/xcb.c:1815] Output VIRTUAL1 inactive, skipping...
[i3bar/src/xcb.c:1815] Output HDMI2 inactive, skipping...
[i3bar/src/xcb.c:1839] Drawing button for WS 1 at x = 0, len = 8
[i3bar/src/xcb.c:1839] Drawing button for WS 3  at x = 19, len = 24
[i3bar/src/xcb.c:1839] Drawing button for WS 5 at x = 54, len = 8
[i3bar/src/xcb.c:1839] Drawing button for WS 7  at x = 73, len = 27
[i3bar/src/xcb.c:1839] Drawing button for WS 9 at x = 111, len = 8
[i3bar/src/xcb.c:1952] Printing statusline!
[i3bar/src/xcb.c:1815] Output DP2 inactive, skipping...
[i3bar/src/xcb.c:1815] Output DP1 inactive, skipping...
[i3bar/src/xcb.c:1815] Output eDP1 inactive, skipping...
[i3bar/src/xcb.c:1815] Output xroot-0 inactive, skipping...
[i3bar/src/xcb.c:626] _NET_SYSTEM_TRAY_OPCODE received
[i3bar/src/xcb.c:669] xembed format = 32, len = 2
[i3bar/src/xcb.c:671] xembed version = 1
[i3bar/src/xcb.c:672] xembed flags = 1
[i3bar/src/xcb.c:682] X window 00400aa5 requested docking
[i3bar/src/xcb.c:693] using output HDMI1
[i3bar/src/xcb.c:764] Mapping dock client
[i3bar/src/xcb.c:1805] Drawing bars...
[i3bar/src/xcb.c:1839] Drawing button for WS 2 at x = 0, len = 8
[i3bar/src/xcb.c:1839] Drawing button for WS 4  at x = 19, len = 25
[i3bar/src/xcb.c:1839] Drawing button for WS 6 at x = 55, len = 8
[i3bar/src/xcb.c:1952] Printing statusline!
[i3bar/src/xcb.c:1815] Output VIRTUAL1 inactive, skipping...
[i3bar/src/xcb.c:1815] Output HDMI2 inactive, skipping...
[i3bar/src/xcb.c:1839] Drawing button for WS 1 at x = 0, len = 8
[i3bar/src/xcb.c:1839] Drawing button for WS 3  at x = 19, len = 24
[i3bar/src/xcb.c:1839] Drawing button for WS 5 at x = 54, len = 8
[i3bar/src/xcb.c:1839] Drawing button for WS 7  at x = 73, len = 27
[i3bar/src/xcb.c:1839] Drawing button for WS 9 at x = 111, len = 8
[i3bar/src/xcb.c:1952] Printing statusline!
[i3bar/src/xcb.c:1815] Output DP2 inactive, skipping...
[i3bar/src/xcb.c:1815] Output DP1 inactive, skipping...
[i3bar/src/xcb.c:1815] Output eDP1 inactive, skipping...
[i3bar/src/xcb.c:1815] Output xroot-0 inactive, skipping...
[i3bar/src/xcb.c:626] _NET_SYSTEM_TRAY_OPCODE received
[i3bar/src/xcb.c:669] xembed format = 32, len = 2
[i3bar/src/xcb.c:671] xembed version = 1
[i3bar/src/xcb.c:672] xembed flags = 1
[i3bar/src/xcb.c:682] X window 01000085 requested docking
[i3bar/src/xcb.c:693] using output HDMI1
[i3bar/src/xcb.c:764] Mapping dock client
[i3bar/src/xcb.c:1805] Drawing bars...
[i3bar/src/xcb.c:1839] Drawing button for WS 2 at x = 0, len = 8
[i3bar/src/xcb.c:1839] Drawing button for WS 4  at x = 19, len = 25
[i3bar/src/xcb.c:1839] Drawing button for WS 6 at x = 55, len = 8
[i3bar/src/xcb.c:1952] Printing statusline!
[i3bar/src/xcb.c:1815] Output VIRTUAL1 inactive, skipping...
[i3bar/src/xcb.c:1815] Output HDMI2 inactive, skipping...
[i3bar/src/xcb.c:1839] Drawing button for WS 1 at x = 0, len = 8
[i3bar/src/xcb.c:1839] Drawing button for WS 3  at x = 19, len = 24
[i3bar/src/xcb.c:1839] Drawing button for WS 5 at x = 54, len = 8
[i3bar/src/xcb.c:1839] Drawing button for WS 7  at x = 73, len = 27
[i3bar/src/xcb.c:1839] Drawing button for WS 9 at x = 111, len = 8
[i3bar/src/xcb.c:1952] Printing statusline!
[i3bar/src/xcb.c:1815] Output DP2 inactive, skipping...
[i3bar/src/xcb.c:1815] Output DP1 inactive, skipping...
[i3bar/src/xcb.c:1815] Output eDP1 inactive, skipping...
[i3bar/src/xcb.c:1815] Output xroot-0 inactive, skipping...
[i3bar/src/xcb.c:626] _NET_SYSTEM_TRAY_OPCODE received
[i3bar/src/xcb.c:669] xembed format = 32, len = 2
[i3bar/src/xcb.c:671] xembed version = 1
[i3bar/src/xcb.c:672] xembed flags = 1
[i3bar/src/xcb.c:682] X window 0260040b requested docking
[i3bar/src/xcb.c:693] using output HDMI1
[i3bar/src/xcb.c:764] Mapping dock client
[i3bar/src/xcb.c:1805] Drawing bars...
[i3bar/src/xcb.c:1839] Drawing button for WS 2 at x = 0, len = 8
[i3bar/src/xcb.c:1839] Drawing button for WS 4  at x = 19, len = 25
[i3bar/src/xcb.c:1839] Drawing button for WS 6 at x = 55, len = 8
[i3bar/src/xcb.c:1952] Printing statusline!
[i3bar/src/xcb.c:1815] Output VIRTUAL1 inactive, skipping...
[i3bar/src/xcb.c:1815] Output HDMI2 inactive, skipping...
[i3bar/src/xcb.c:1839] Drawing button for WS 1 at x = 0, len = 8
[i3bar/src/xcb.c:1839] Drawing button for WS 3  at x = 19, len = 24
[i3bar/src/xcb.c:1839] Drawing button for WS 5 at x = 54, len = 8
[i3bar/src/xcb.c:1839] Drawing button for WS 7  at x = 73, len = 27
[i3bar/src/xcb.c:1839] Drawing button for WS 9 at x = 111, len = 8
[i3bar/src/xcb.c:1952] Printing statusline!
[i3bar/src/xcb.c:1815] Output DP2 inactive, skipping...
[i3bar/src/xcb.c:1815] Output DP1 inactive, skipping...
[i3bar/src/xcb.c:1815] Output eDP1 inactive, skipping...
[i3bar/src/xcb.c:1815] Output xroot-0 inactive, skipping...
[i3bar/src/xcb.c:816] MapNotify for window = 0120007f, event = 0120007f
[i3bar/src/xcb.c:822] checking output DVI-I-1-1
[i3bar/src/xcb.c:822] checking output HDMI1
[i3bar/src/xcb.c:828] Tray client mapped (window ID 0120007f). Adjusting tray.
[i3bar/src/xcb.c:606] Configuring tray window 0120007f to x=1902
[i3bar/src/xcb.c:1805] Drawing bars...
[i3bar/src/xcb.c:1839] Drawing button for WS 2 at x = 0, len = 8
[i3bar/src/xcb.c:1839] Drawing button for WS 4  at x = 19, len = 25
[i3bar/src/xcb.c:1839] Drawing button for WS 6 at x = 55, len = 8
[i3bar/src/xcb.c:1952] Printing statusline!
[i3bar/src/xcb.c:1815] Output VIRTUAL1 inactive, skipping...
[i3bar/src/xcb.c:1815] Output HDMI2 inactive, skipping...
[i3bar/src/xcb.c:1839] Drawing button for WS 1 at x = 0, len = 8
[i3bar/src/xcb.c:1839] Drawing button for WS 3  at x = 19, len = 24
[i3bar/src/xcb.c:1839] Drawing button for WS 5 at x = 54, len = 8
[i3bar/src/xcb.c:1839] Drawing button for WS 7  at x = 73, len = 27
[i3bar/src/xcb.c:1839] Drawing button for WS 9 at x = 111, len = 8
[i3bar/src/xcb.c:1952] Printing statusline!
[i3bar/src/xcb.c:1815] Output DP2 inactive, skipping...
[i3bar/src/xcb.c:1815] Output DP1 inactive, skipping...
[i3bar/src/xcb.c:1815] Output eDP1 inactive, skipping...
[i3bar/src/xcb.c:1815] Output xroot-0 inactive, skipping...
[i3bar/src/xcb.c:816] MapNotify for window = 00400aa5, event = 00400aa5
[i3bar/src/xcb.c:822] checking output DVI-I-1-1
[i3bar/src/xcb.c:822] checking output HDMI1
[i3bar/src/xcb.c:828] Tray client mapped (window ID 00400aa5). Adjusting tray.
[i3bar/src/xcb.c:606] Configuring tray window 00400aa5 to x=1902
[i3bar/src/xcb.c:606] Configuring tray window 0120007f to x=1884
[i3bar/src/xcb.c:1805] Drawing bars...
[i3bar/src/xcb.c:1839] Drawing button for WS 2 at x = 0, len = 8
[i3bar/src/xcb.c:1839] Drawing button for WS 4  at x = 19, len = 25
[i3bar/src/xcb.c:1839] Drawing button for WS 6 at x = 55, len = 8
[i3bar/src/xcb.c:1952] Printing statusline!
[i3bar/src/xcb.c:1815] Output VIRTUAL1 inactive, skipping...
[i3bar/src/xcb.c:1815] Output HDMI2 inactive, skipping...
[i3bar/src/xcb.c:1839] Drawing button for WS 1 at x = 0, len = 8
[i3bar/src/xcb.c:1839] Drawing button for WS 3  at x = 19, len = 24
[i3bar/src/xcb.c:1839] Drawing button for WS 5 at x = 54, len = 8
[i3bar/src/xcb.c:1839] Drawing button for WS 7  at x = 73, len = 27
[i3bar/src/xcb.c:1839] Drawing button for WS 9 at x = 111, len = 8
[i3bar/src/xcb.c:1952] Printing statusline!
[i3bar/src/xcb.c:1815] Output DP2 inactive, skipping...
[i3bar/src/xcb.c:1815] Output DP1 inactive, skipping...
[i3bar/src/xcb.c:1815] Output eDP1 inactive, skipping...
[i3bar/src/xcb.c:1815] Output xroot-0 inactive, skipping...
[i3bar/src/xcb.c:873] PropertyNotify
[i3bar/src/xcb.c:816] MapNotify for window = 01000085, event = 01000085
[i3bar/src/xcb.c:822] checking output DVI-I-1-1
[i3bar/src/xcb.c:822] checking output HDMI1
[i3bar/src/xcb.c:828] Tray client mapped (window ID 01000085). Adjusting tray.
[i3bar/src/xcb.c:606] Configuring tray window 01000085 to x=1902
[i3bar/src/xcb.c:606] Configuring tray window 00400aa5 to x=1884
[i3bar/src/xcb.c:606] Configuring tray window 0120007f to x=1866
[i3bar/src/xcb.c:1805] Drawing bars...
[i3bar/src/xcb.c:1839] Drawing button for WS 2 at x = 0, len = 8
[i3bar/src/xcb.c:1839] Drawing button for WS 4  at x = 19, len = 25
[i3bar/src/xcb.c:1839] Drawing button for WS 6 at x = 55, len = 8
[i3bar/src/xcb.c:1952] Printing statusline!
[i3bar/src/xcb.c:1815] Output VIRTUAL1 inactive, skipping...
[i3bar/src/xcb.c:1815] Output HDMI2 inactive, skipping...
[i3bar/src/xcb.c:1839] Drawing button for WS 1 at x = 0, len = 8
[i3bar/src/xcb.c:1839] Drawing button for WS 3  at x = 19, len = 24
[i3bar/src/xcb.c:1839] Drawing button for WS 5 at x = 54, len = 8
[i3bar/src/xcb.c:1839] Drawing button for WS 7  at x = 73, len = 27
[i3bar/src/xcb.c:1839] Drawing button for WS 9 at x = 111, len = 8
[i3bar/src/xcb.c:1952] Printing statusline!
[i3bar/src/xcb.c:1815] Output DP2 inactive, skipping...
[i3bar/src/xcb.c:1815] Output DP1 inactive, skipping...
[i3bar/src/xcb.c:1815] Output eDP1 inactive, skipping...
[i3bar/src/xcb.c:1815] Output xroot-0 inactive, skipping...
[i3bar/src/xcb.c:873] PropertyNotify
[i3bar/src/xcb.c:816] MapNotify for window = 0260040b, event = 0260040b
[i3bar/src/xcb.c:822] checking output DVI-I-1-1
[i3bar/src/xcb.c:822] checking output HDMI1
[i3bar/src/xcb.c:828] Tray client mapped (window ID 0260040b). Adjusting tray.
[i3bar/src/xcb.c:606] Configuring tray window 0260040b to x=1902
[i3bar/src/xcb.c:606] Configuring tray window 01000085 to x=1884
[i3bar/src/xcb.c:606] Configuring tray window 00400aa5 to x=1866
[i3bar/src/xcb.c:606] Configuring tray window 0120007f to x=1848
[i3bar/src/xcb.c:1805] Drawing bars...
[i3bar/src/xcb.c:1839] Drawing button for WS 2 at x = 0, len = 8
[i3bar/src/xcb.c:1839] Drawing button for WS 4  at x = 19, len = 25
[i3bar/src/xcb.c:1839] Drawing button for WS 6 at x = 55, len = 8
[i3bar/src/xcb.c:1952] Printing statusline!
[i3bar/src/xcb.c:1815] Output VIRTUAL1 inactive, skipping...
[i3bar/src/xcb.c:1815] Output HDMI2 inactive, skipping...
[i3bar/src/xcb.c:1839] Drawing button for WS 1 at x = 0, len = 8
[i3bar/src/xcb.c:1839] Drawing button for WS 3  at x = 19, len = 24
[i3bar/src/xcb.c:1839] Drawing button for WS 5 at x = 54, len = 8
[i3bar/src/xcb.c:1839] Drawing button for WS 7  at x = 73, len = 27
[i3bar/src/xcb.c:1839] Drawing button for WS 9 at x = 111, len = 8
[i3bar/src/xcb.c:1952] Printing statusline!
[i3bar/src/xcb.c:1815] Output DP2 inactive, skipping...
[i3bar/src/xcb.c:1815] Output DP1 inactive, skipping...
[i3bar/src/xcb.c:1815] Output eDP1 inactive, skipping...
[i3bar/src/xcb.c:1815] Output xroot-0 inactive, skipping...
[i3bar/src/ipc.c:197] Got data!
[i3bar/src/ipc.c:123] Got workspace event!
[i3bar/src/ipc.c:197] Got data!
[i3bar/src/ipc.c:43] Got workspace data!
[i3bar/src/workspaces.c:142] Got workspace canonical: 2, name: '2', name_width: 8, glyphs: 1
[i3bar/src/workspaces.c:142] Got workspace canonical: 4 , name: '4 ', name_width: 25, glyphs: 3
[i3bar/src/workspaces.c:142] Got workspace canonical: 6, name: '6', name_width: 8, glyphs: 1
[i3bar/src/workspaces.c:142] Got workspace canonical: 1, name: '1', name_width: 8, glyphs: 1
[i3bar/src/workspaces.c:142] Got workspace canonical: 3 , name: '3 ', name_width: 24, glyphs: 3
[i3bar/src/workspaces.c:142] Got workspace canonical: 5, name: '5', name_width: 8, glyphs: 1
[i3bar/src/workspaces.c:142] Got workspace canonical: 7 , name: '7 ', name_width: 27, glyphs: 3
[i3bar/src/workspaces.c:142] Got workspace canonical: 9, name: '9', name_width: 8, glyphs: 1
[i3bar/src/xcb.c:1805] Drawing bars...
[i3bar/src/xcb.c:1839] Drawing button for WS 2 at x = 0, len = 8
[i3bar/src/xcb.c:1839] Drawing button for WS 4  at x = 19, len = 25
[i3bar/src/xcb.c:1839] Drawing button for WS 6 at x = 55, len = 8
[i3bar/src/xcb.c:1952] Printing statusline!
[i3bar/src/xcb.c:1815] Output VIRTUAL1 inactive, skipping...
[i3bar/src/xcb.c:1815] Output HDMI2 inactive, skipping...
[i3bar/src/xcb.c:1839] Drawing button for WS 1 at x = 0, len = 8
[i3bar/src/xcb.c:1839] Drawing button for WS 3  at x = 19, len = 24
[i3bar/src/xcb.c:1839] Drawing button for WS 5 at x = 54, len = 8
[i3bar/src/xcb.c:1839] Drawing button for WS 7  at x = 73, len = 27
[i3bar/src/xcb.c:1839] Drawing button for WS 9 at x = 111, len = 8
[i3bar/src/xcb.c:1952] Printing statusline!
[i3bar/src/xcb.c:1815] Output DP2 inactive, skipping...
[i3bar/src/xcb.c:1815] Output DP1 inactive, skipping...
[i3bar/src/xcb.c:1815] Output eDP1 inactive, skipping...
[i3bar/src/xcb.c:1815] Output xroot-0 inactive, skipping...
[i3bar/src/xcb.c:873] PropertyNotify
[i3bar/src/xcb.c:873] PropertyNotify
[i3bar/src/xcb.c:873] PropertyNotify
[i3bar/src/xcb.c:873] PropertyNotify
[i3bar/src/xcb.c:873] PropertyNotify
[i3bar/src/xcb.c:873] PropertyNotify
[i3bar/src/xcb.c:873] PropertyNotify
[i3bar/src/xcb.c:873] PropertyNotify
[i3bar/src/xcb.c:873] PropertyNotify
[i3bar/src/xcb.c:873] PropertyNotify
[i3bar/src/xcb.c:873] PropertyNotify
[i3bar/src/ipc.c:197] Got data!
[i3bar/src/ipc.c:123] Got workspace event!
[i3bar/src/ipc.c:197] Got data!
[i3bar/src/ipc.c:43] Got workspace data!
[i3bar/src/workspaces.c:142] Got workspace canonical: 2, name: '2', name_width: 8, glyphs: 1
[i3bar/src/workspaces.c:142] Got workspace canonical: 4 , name: '4 ', name_width: 25, glyphs: 3
[i3bar/src/workspaces.c:142] Got workspace canonical: 6, name: '6', name_width: 8, glyphs: 1
[i3bar/src/workspaces.c:142] Got workspace canonical: 1, name: '1', name_width: 8, glyphs: 1
[i3bar/src/workspaces.c:142] Got workspace canonical: 3 , name: '3 ', name_width: 24, glyphs: 3
[i3bar/src/workspaces.c:142] Got workspace canonical: 5, name: '5', name_width: 8, glyphs: 1
[i3bar/src/workspaces.c:142] Got workspace canonical: 7 , name: '7 ', name_width: 27, glyphs: 3
[i3bar/src/workspaces.c:142] Got workspace canonical: 9, name: '9', name_width: 8, glyphs: 1
[i3bar/src/xcb.c:1805] Drawing bars...
[i3bar/src/xcb.c:1839] Drawing button for WS 2 at x = 0, len = 8
[i3bar/src/xcb.c:1839] Drawing button for WS 4  at x = 19, len = 25
[i3bar/src/xcb.c:1839] Drawing button for WS 6 at x = 55, len = 8
[i3bar/src/xcb.c:1952] Printing statusline!
[i3bar/src/xcb.c:1815] Output VIRTUAL1 inactive, skipping...
[i3bar/src/xcb.c:1815] Output HDMI2 inactive, skipping...
[i3bar/src/xcb.c:1839] Drawing button for WS 1 at x = 0, len = 8
[i3bar/src/xcb.c:1839] Drawing button for WS 3  at x = 19, len = 24
[i3bar/src/xcb.c:1839] Drawing button for WS 5 at x = 54, len = 8
[i3bar/src/xcb.c:1839] Drawing button for WS 7  at x = 73, len = 27
[i3bar/src/xcb.c:1839] Drawing button for WS 9 at x = 111, len = 8
[i3bar/src/xcb.c:1952] Printing statusline!
[i3bar/src/xcb.c:1815] Output DP2 inactive, skipping...
[i3bar/src/xcb.c:1815] Output DP1 inactive, skipping...
[i3bar/src/xcb.c:1815] Output eDP1 inactive, skipping...
[i3bar/src/xcb.c:1815] Output xroot-0 inactive, skipping...
[i3bar/src/xcb.c:873] PropertyNotify
[i3bar/src/ipc.c:197] Got data!
[i3bar/src/ipc.c:216] EOF received, exiting...
